{"/home/frederikpyt/projects/fastify-prisma-redis-swagger-jwt-template/src/index.ts": {"path":"/home/frederikpyt/projects/fastify-prisma-redis-swagger-jwt-template/src/index.ts","statementMap":{"0":{"start":{"line":5,"column":22},"end":{"line":5,"column":null}},"1":{"start":{"line":1,"column":20},"end":{"line":1,"column":null}},"2":{"start":{"line":2,"column":20},"end":{"line":2,"column":null}},"3":{"start":{"line":3,"column":20},"end":{"line":3,"column":null}},"4":{"start":{"line":6,"column":20},"end":{"line":19,"column":null}},"5":{"start":{"line":21,"column":25},"end":{"line":21,"column":null}},"6":{"start":{"line":22,"column":4},"end":{"line":22,"column":null}},"7":{"start":{"line":23,"column":4},"end":{"line":23,"column":null}},"8":{"start":{"line":25,"column":25},"end":{"line":25,"column":null}},"9":{"start":{"line":26,"column":4},"end":{"line":26,"column":null}},"10":{"start":{"line":27,"column":4},"end":{"line":27,"column":null}},"11":{"start":{"line":29,"column":1},"end":{"line":29,"column":null}}},"fnMap":{"0":{"name":"build","decl":{"start":{"line":5,"column":22},"end":{"line":5,"column":null}},"loc":{"start":{"line":5,"column":22},"end":{"line":30,"column":null}}}},"branchMap":{},"s":{"0":7,"1":7,"2":7,"3":7,"4":7,"5":7,"6":7,"7":7,"8":7,"9":7,"10":7,"11":7},"f":{"0":7},"b":{}}
,"/home/frederikpyt/projects/fastify-prisma-redis-swagger-jwt-template/src/modules/index.ts": {"path":"/home/frederikpyt/projects/fastify-prisma-redis-swagger-jwt-template/src/modules/index.ts","statementMap":{"0":{"start":{"line":13,"column":0},"end":{"line":13,"column":15}},"1":{"start":{"line":3,"column":26},"end":{"line":3,"column":null}},"2":{"start":{"line":4,"column":17},"end":{"line":4,"column":null}},"3":{"start":{"line":6,"column":29},"end":{"line":11,"column":null}},"4":{"start":{"line":7,"column":1},"end":{"line":10,"column":null}},"5":{"start":{"line":13,"column":15},"end":{"line":19,"column":null}},"6":{"start":{"line":14,"column":1},"end":{"line":16,"column":null}},"7":{"start":{"line":15,"column":2},"end":{"line":15,"column":null}},"8":{"start":{"line":18,"column":1},"end":{"line":18,"column":null}}},"fnMap":{"0":{"name":"(anonymous_2)","decl":{"start":{"line":6,"column":29},"end":{"line":6,"column":30}},"loc":{"start":{"line":6,"column":61},"end":{"line":11,"column":null}}},"1":{"name":"(anonymous_3)","decl":{"start":{"line":13,"column":29},"end":{"line":13,"column":36}},"loc":{"start":{"line":13,"column":62},"end":{"line":19,"column":null}}},"2":{"name":"(anonymous_4)","decl":{"start":{"line":14,"column":28},"end":{"line":14,"column":null}},"loc":{"start":{"line":14,"column":28},"end":{"line":16,"column":null}}}},"branchMap":{},"s":{"0":7,"1":7,"2":7,"3":7,"4":7,"5":7,"6":7,"7":1,"8":7},"f":{"0":7,"1":7,"2":1},"b":{}}
,"/home/frederikpyt/projects/fastify-prisma-redis-swagger-jwt-template/src/modules/auth/auth.controller.ts": {"path":"/home/frederikpyt/projects/fastify-prisma-redis-swagger-jwt-template/src/modules/auth/auth.controller.ts","statementMap":{"0":{"start":{"line":10,"column":21},"end":{"line":10,"column":null}},"1":{"start":{"line":7,"column":18},"end":{"line":7,"column":null}},"2":{"start":{"line":8,"column":23},"end":{"line":8,"column":null}},"3":{"start":{"line":15,"column":2},"end":{"line":15,"column":null}},"4":{"start":{"line":16,"column":2},"end":{"line":16,"column":null}},"5":{"start":{"line":25,"column":2},"end":{"line":36,"column":null}},"6":{"start":{"line":26,"column":16},"end":{"line":26,"column":null}},"7":{"start":{"line":28,"column":3},"end":{"line":28,"column":null}},"8":{"start":{"line":30,"column":3},"end":{"line":32,"column":null}},"9":{"start":{"line":31,"column":4},"end":{"line":31,"column":null}},"10":{"start":{"line":45,"column":2},"end":{"line":69,"column":null}},"11":{"start":{"line":46,"column":16},"end":{"line":46,"column":null}},"12":{"start":{"line":48,"column":3},"end":{"line":50,"column":null}},"13":{"start":{"line":49,"column":4},"end":{"line":49,"column":null}},"14":{"start":{"line":53,"column":4},"end":{"line":53,"column":null}},"15":{"start":{"line":55,"column":3},"end":{"line":66,"column":null}},"16":{"start":{"line":68,"column":3},"end":{"line":68,"column":null}},"17":{"start":{"line":73,"column":2},"end":{"line":91,"column":null}},"18":{"start":{"line":75,"column":4},"end":{"line":75,"column":null}},"19":{"start":{"line":77,"column":3},"end":{"line":88,"column":null}},"20":{"start":{"line":90,"column":3},"end":{"line":90,"column":null}},"21":{"start":{"line":95,"column":2},"end":{"line":95,"column":null}},"22":{"start":{"line":97,"column":2},"end":{"line":105,"column":null}},"23":{"start":{"line":109,"column":2},"end":{"line":120,"column":null}},"24":{"start":{"line":110,"column":16},"end":{"line":115,"column":null}},"25":{"start":{"line":114,"column":5},"end":{"line":114,"column":null}},"26":{"start":{"line":117,"column":3},"end":{"line":117,"column":null}},"27":{"start":{"line":119,"column":3},"end":{"line":119,"column":null}}},"fnMap":{"0":{"name":"(anonymous_1)","decl":{"start":{"line":14,"column":1},"end":{"line":14,"column":13}},"loc":{"start":{"line":14,"column":65},"end":{"line":17,"column":null}}},"1":{"name":"(anonymous_2)","decl":{"start":{"line":19,"column":1},"end":{"line":19,"column":14}},"loc":{"start":{"line":24,"column":3},"end":{"line":37,"column":null}}},"2":{"name":"(anonymous_3)","decl":{"start":{"line":39,"column":1},"end":{"line":39,"column":14}},"loc":{"start":{"line":44,"column":3},"end":{"line":70,"column":null}}},"3":{"name":"(anonymous_4)","decl":{"start":{"line":72,"column":1},"end":{"line":72,"column":14}},"loc":{"start":{"line":72,"column":75},"end":{"line":92,"column":null}}},"4":{"name":"(anonymous_5)","decl":{"start":{"line":94,"column":1},"end":{"line":94,"column":14}},"loc":{"start":{"line":94,"column":74},"end":{"line":106,"column":null}}},"5":{"name":"(anonymous_6)","decl":{"start":{"line":108,"column":1},"end":{"line":108,"column":14}},"loc":{"start":{"line":108,"column":72},"end":{"line":121,"column":null}}},"6":{"name":"(anonymous_7)","decl":{"start":{"line":113,"column":4},"end":{"line":113,"column":null}},"loc":{"start":{"line":113,"column":4},"end":{"line":115,"column":null}}}},"branchMap":{"0":{"loc":{"start":{"line":30,"column":3},"end":{"line":32,"column":null}},"type":"if","locations":[{"start":{"line":30,"column":3},"end":{"line":32,"column":null}}]},"1":{"loc":{"start":{"line":48,"column":3},"end":{"line":50,"column":null}},"type":"if","locations":[{"start":{"line":48,"column":3},"end":{"line":50,"column":null}}]}},"s":{"0":7,"1":7,"2":7,"3":7,"4":7,"5":2,"6":2,"7":1,"8":1,"9":1,"10":3,"11":3,"12":2,"13":1,"14":1,"15":1,"16":2,"17":8,"18":8,"19":2,"20":6,"21":2,"22":2,"23":2,"24":2,"25":2,"26":1,"27":1},"f":{"0":7,"1":2,"2":3,"3":8,"4":2,"5":2,"6":2},"b":{"0":[1],"1":[1]}}
,"/home/frederikpyt/projects/fastify-prisma-redis-swagger-jwt-template/src/modules/auth/auth.route.ts": {"path":"/home/frederikpyt/projects/fastify-prisma-redis-swagger-jwt-template/src/modules/auth/auth.route.ts","statementMap":{"0":{"start":{"line":7,"column":0},"end":{"line":7,"column":15}},"1":{"start":{"line":2,"column":27},"end":{"line":2,"column":null}},"2":{"start":{"line":3,"column":21},"end":{"line":3,"column":null}},"3":{"start":{"line":4,"column":24},"end":{"line":4,"column":null}},"4":{"start":{"line":5,"column":24},"end":{"line":5,"column":null}},"5":{"start":{"line":7,"column":15},"end":{"line":82,"column":null}},"6":{"start":{"line":8,"column":24},"end":{"line":8,"column":null}},"7":{"start":{"line":10,"column":1},"end":{"line":21,"column":null}},"8":{"start":{"line":24,"column":1},"end":{"line":35,"column":null}},"9":{"start":{"line":38,"column":1},"end":{"line":49,"column":null}},"10":{"start":{"line":52,"column":1},"end":{"line":63,"column":null}},"11":{"start":{"line":66,"column":1},"end":{"line":80,"column":null}}},"fnMap":{"0":{"name":"(anonymous_2)","decl":{"start":{"line":7,"column":15},"end":{"line":7,"column":22}},"loc":{"start":{"line":7,"column":22},"end":{"line":82,"column":null}}}},"branchMap":{},"s":{"0":7,"1":7,"2":7,"3":7,"4":7,"5":7,"6":7,"7":7,"8":7,"9":7,"10":7,"11":7},"f":{"0":7},"b":{}}
,"/home/frederikpyt/projects/fastify-prisma-redis-swagger-jwt-template/src/modules/auth/auth.schema.ts": {"path":"/home/frederikpyt/projects/fastify-prisma-redis-swagger-jwt-template/src/modules/auth/auth.schema.ts","statementMap":{"0":{"start":{"line":57,"column":24},"end":{"line":57,"column":35}},"1":{"start":{"line":57,"column":37},"end":{"line":57,"column":41}},"2":{"start":{"line":1,"column":18},"end":{"line":1,"column":null}},"3":{"start":{"line":2,"column":33},"end":{"line":2,"column":null}},"4":{"start":{"line":4,"column":17},"end":{"line":13,"column":null}},"5":{"start":{"line":15,"column":25},"end":{"line":23,"column":null}},"6":{"start":{"line":25,"column":33},"end":{"line":27,"column":null}},"7":{"start":{"line":29,"column":20},"end":{"line":37,"column":null}},"8":{"start":{"line":39,"column":28},"end":{"line":41,"column":null}},"9":{"start":{"line":43,"column":30},"end":{"line":45,"column":null}},"10":{"start":{"line":47,"column":29},"end":{"line":47,"column":null}},"11":{"start":{"line":49,"column":27},"end":{"line":51,"column":null}},"12":{"start":{"line":57,"column":46},"end":{"line":69,"column":null}}},"fnMap":{},"branchMap":{},"s":{"0":7,"1":49,"2":7,"3":7,"4":7,"5":7,"6":7,"7":7,"8":7,"9":7,"10":7,"11":7,"12":7},"f":{},"b":{}}
,"/home/frederikpyt/projects/fastify-prisma-redis-swagger-jwt-template/src/modules/auth/auth.service.ts": {"path":"/home/frederikpyt/projects/fastify-prisma-redis-swagger-jwt-template/src/modules/auth/auth.service.ts","statementMap":{"0":{"start":{"line":7,"column":21},"end":{"line":7,"column":null}},"1":{"start":{"line":1,"column":28},"end":{"line":1,"column":null}},"2":{"start":{"line":2,"column":23},"end":{"line":2,"column":null}},"3":{"start":{"line":3,"column":61},"end":{"line":3,"column":null}},"4":{"start":{"line":4,"column":21},"end":{"line":4,"column":null}},"5":{"start":{"line":5,"column":19},"end":{"line":5,"column":null}},"6":{"start":{"line":9,"column":2},"end":{"line":9,"column":null}},"7":{"start":{"line":16,"column":29},"end":{"line":16,"column":null}},"8":{"start":{"line":18,"column":22},"end":{"line":22,"column":null}},"9":{"start":{"line":24,"column":2},"end":{"line":27,"column":null}},"10":{"start":{"line":34,"column":22},"end":{"line":34,"column":null}},"11":{"start":{"line":36,"column":23},"end":{"line":41,"column":null}},"12":{"start":{"line":43,"column":2},"end":{"line":49,"column":null}},"13":{"start":{"line":51,"column":2},"end":{"line":54,"column":null}},"14":{"start":{"line":61,"column":32},"end":{"line":61,"column":null}},"15":{"start":{"line":63,"column":23},"end":{"line":68,"column":null}},"16":{"start":{"line":70,"column":2},"end":{"line":77,"column":null}},"17":{"start":{"line":79,"column":2},"end":{"line":82,"column":null}},"18":{"start":{"line":91,"column":48},"end":{"line":91,"column":null}},"19":{"start":{"line":92,"column":46},"end":{"line":92,"column":null}},"20":{"start":{"line":94,"column":2},"end":{"line":99,"column":null}},"21":{"start":{"line":108,"column":2},"end":{"line":108,"column":null}},"22":{"start":{"line":110,"column":32},"end":{"line":110,"column":null}},"23":{"start":{"line":112,"column":2},"end":{"line":120,"column":null}},"24":{"start":{"line":113,"column":3},"end":{"line":117,"column":null}},"25":{"start":{"line":119,"column":3},"end":{"line":119,"column":null}},"26":{"start":{"line":122,"column":22},"end":{"line":127,"column":null}},"27":{"start":{"line":129,"column":2},"end":{"line":137,"column":null}},"28":{"start":{"line":130,"column":3},"end":{"line":134,"column":null}},"29":{"start":{"line":136,"column":3},"end":{"line":136,"column":null}},"30":{"start":{"line":140,"column":3},"end":{"line":140,"column":null}},"31":{"start":{"line":141,"column":46},"end":{"line":141,"column":null}},"32":{"start":{"line":143,"column":2},"end":{"line":148,"column":null}},"33":{"start":{"line":152,"column":2},"end":{"line":156,"column":null}}},"fnMap":{"0":{"name":"(anonymous_2)","decl":{"start":{"line":8,"column":8},"end":{"line":8,"column":23}},"loc":{"start":{"line":8,"column":72},"end":{"line":10,"column":null}}},"1":{"name":"(anonymous_3)","decl":{"start":{"line":12,"column":9},"end":{"line":12,"column":27}},"loc":{"start":{"line":15,"column":3},"end":{"line":28,"column":null}}},"2":{"name":"(anonymous_4)","decl":{"start":{"line":30,"column":1},"end":{"line":30,"column":15}},"loc":{"start":{"line":33,"column":4},"end":{"line":55,"column":null}}},"3":{"name":"(anonymous_5)","decl":{"start":{"line":57,"column":1},"end":{"line":57,"column":15}},"loc":{"start":{"line":60,"column":4},"end":{"line":83,"column":null}}},"4":{"name":"(anonymous_6)","decl":{"start":{"line":85,"column":1},"end":{"line":85,"column":14}},"loc":{"start":{"line":90,"column":4},"end":{"line":100,"column":null}}},"5":{"name":"(anonymous_7)","decl":{"start":{"line":102,"column":1},"end":{"line":102,"column":14}},"loc":{"start":{"line":107,"column":4},"end":{"line":149,"column":null}}},"6":{"name":"(anonymous_8)","decl":{"start":{"line":151,"column":1},"end":{"line":151,"column":14}},"loc":{"start":{"line":151,"column":81},"end":{"line":157,"column":null}}}},"branchMap":{"0":{"loc":{"start":{"line":112,"column":2},"end":{"line":120,"column":null}},"type":"if","locations":[{"start":{"line":112,"column":2},"end":{"line":120,"column":null}}]},"1":{"loc":{"start":{"line":129,"column":2},"end":{"line":137,"column":null}},"type":"if","locations":[{"start":{"line":129,"column":2},"end":{"line":137,"column":null}}]}},"s":{"0":10,"1":7,"2":7,"3":7,"4":7,"5":7,"6":2,"7":10,"8":10,"9":10,"10":8,"11":8,"12":8,"13":8,"14":2,"15":2,"16":2,"17":2,"18":8,"19":8,"20":8,"21":8,"22":6,"23":6,"24":1,"25":1,"26":5,"27":5,"28":3,"29":1,"30":2,"31":2,"32":2,"33":2},"f":{"0":2,"1":10,"2":8,"3":2,"4":8,"5":8,"6":2},"b":{"0":[1],"1":[3]}}
,"/home/frederikpyt/projects/fastify-prisma-redis-swagger-jwt-template/src/modules/auth/index.ts": {"path":"/home/frederikpyt/projects/fastify-prisma-redis-swagger-jwt-template/src/modules/auth/index.ts","statementMap":{"0":{"start":{"line":7,"column":0},"end":{"line":7,"column":15}},"1":{"start":{"line":3,"column":26},"end":{"line":3,"column":null}},"2":{"start":{"line":4,"column":22},"end":{"line":4,"column":null}},"3":{"start":{"line":5,"column":28},"end":{"line":5,"column":null}},"4":{"start":{"line":7,"column":15},"end":{"line":13,"column":null}},"5":{"start":{"line":8,"column":1},"end":{"line":10,"column":null}},"6":{"start":{"line":9,"column":2},"end":{"line":9,"column":null}},"7":{"start":{"line":12,"column":1},"end":{"line":12,"column":null}}},"fnMap":{"0":{"name":"(anonymous_2)","decl":{"start":{"line":7,"column":29},"end":{"line":7,"column":36}},"loc":{"start":{"line":7,"column":62},"end":{"line":13,"column":null}}}},"branchMap":{},"s":{"0":7,"1":7,"2":7,"3":7,"4":7,"5":7,"6":7,"7":7},"f":{"0":7},"b":{}}
,"/home/frederikpyt/projects/fastify-prisma-redis-swagger-jwt-template/src/modules/auth/user.service.ts": {"path":"/home/frederikpyt/projects/fastify-prisma-redis-swagger-jwt-template/src/modules/auth/user.service.ts","statementMap":{"0":{"start":{"line":6,"column":21},"end":{"line":6,"column":null}},"1":{"start":{"line":2,"column":25},"end":{"line":2,"column":null}},"2":{"start":{"line":3,"column":23},"end":{"line":3,"column":null}},"3":{"start":{"line":8,"column":2},"end":{"line":10,"column":null}},"4":{"start":{"line":9,"column":3},"end":{"line":9,"column":null}},"5":{"start":{"line":12,"column":2},"end":{"line":18,"column":null}},"6":{"start":{"line":22,"column":2},"end":{"line":28,"column":null}},"7":{"start":{"line":23,"column":3},"end":{"line":23,"column":null}},"8":{"start":{"line":25,"column":3},"end":{"line":25,"column":null}},"9":{"start":{"line":27,"column":3},"end":{"line":27,"column":null}},"10":{"start":{"line":32,"column":15},"end":{"line":34,"column":null}},"11":{"start":{"line":36,"column":2},"end":{"line":38,"column":null}},"12":{"start":{"line":37,"column":3},"end":{"line":37,"column":null}},"13":{"start":{"line":40,"column":2},"end":{"line":40,"column":null}},"14":{"start":{"line":44,"column":15},"end":{"line":46,"column":null}},"15":{"start":{"line":48,"column":2},"end":{"line":50,"column":null}},"16":{"start":{"line":49,"column":3},"end":{"line":49,"column":null}},"17":{"start":{"line":52,"column":2},"end":{"line":52,"column":null}}},"fnMap":{"0":{"name":"(anonymous_1)","decl":{"start":{"line":7,"column":1},"end":{"line":7,"column":14}},"loc":{"start":{"line":7,"column":64},"end":{"line":19,"column":null}}},"1":{"name":"(anonymous_2)","decl":{"start":{"line":21,"column":1},"end":{"line":21,"column":15}},"loc":{"start":{"line":21,"column":61},"end":{"line":29,"column":null}}},"2":{"name":"(anonymous_3)","decl":{"start":{"line":31,"column":1},"end":{"line":31,"column":14}},"loc":{"start":{"line":31,"column":59},"end":{"line":41,"column":null}}},"3":{"name":"(anonymous_4)","decl":{"start":{"line":43,"column":1},"end":{"line":43,"column":14}},"loc":{"start":{"line":43,"column":53},"end":{"line":53,"column":null}}}},"branchMap":{"0":{"loc":{"start":{"line":8,"column":2},"end":{"line":10,"column":null}},"type":"if","locations":[{"start":{"line":8,"column":2},"end":{"line":10,"column":null}}]},"1":{"loc":{"start":{"line":36,"column":2},"end":{"line":38,"column":null}},"type":"if","locations":[{"start":{"line":36,"column":2},"end":{"line":38,"column":null}}]},"2":{"loc":{"start":{"line":48,"column":2},"end":{"line":50,"column":null}},"type":"if","locations":[{"start":{"line":48,"column":2},"end":{"line":50,"column":null}}]}},"s":{"0":12,"1":7,"2":7,"3":8,"4":1,"5":7,"6":8,"7":8,"8":1,"9":7,"10":11,"11":11,"12":8,"13":3,"14":2,"15":2,"16":1,"17":1},"f":{"0":8,"1":8,"2":11,"3":2},"b":{"0":[1],"1":[8],"2":[1]}}
,"/home/frederikpyt/projects/fastify-prisma-redis-swagger-jwt-template/src/plugins/config.ts": {"path":"/home/frederikpyt/projects/fastify-prisma-redis-swagger-jwt-template/src/plugins/config.ts","statementMap":{"0":{"start":{"line":26,"column":0},"end":{"line":26,"column":15}},"1":{"start":{"line":3,"column":23},"end":{"line":3,"column":null}},"2":{"start":{"line":4,"column":26},"end":{"line":4,"column":null}},"3":{"start":{"line":6,"column":18},"end":{"line":6,"column":null}},"4":{"start":{"line":26,"column":15},"end":{"line":104,"column":null}},"5":{"start":{"line":32,"column":17},"end":{"line":79,"column":null}},"6":{"start":{"line":81,"column":24},"end":{"line":95,"column":null}},"7":{"start":{"line":102,"column":2},"end":{"line":102,"column":null}}},"fnMap":{"0":{"name":"(anonymous_2)","decl":{"start":{"line":27,"column":1},"end":{"line":27,"column":null}},"loc":{"start":{"line":30,"column":2},"end":{"line":103,"column":null}}}},"branchMap":{},"s":{"0":7,"1":7,"2":7,"3":7,"4":7,"5":7,"6":7,"7":7},"f":{"0":7},"b":{}}
,"/home/frederikpyt/projects/fastify-prisma-redis-swagger-jwt-template/src/plugins/cookie.ts": {"path":"/home/frederikpyt/projects/fastify-prisma-redis-swagger-jwt-template/src/plugins/cookie.ts","statementMap":{"0":{"start":{"line":6,"column":0},"end":{"line":6,"column":15}},"1":{"start":{"line":3,"column":26},"end":{"line":3,"column":null}},"2":{"start":{"line":4,"column":26},"end":{"line":4,"column":null}},"3":{"start":{"line":6,"column":15},"end":{"line":13,"column":null}},"4":{"start":{"line":8,"column":2},"end":{"line":11,"column":null}}},"fnMap":{"0":{"name":"(anonymous_2)","decl":{"start":{"line":7,"column":1},"end":{"line":7,"column":8}},"loc":{"start":{"line":7,"column":8},"end":{"line":12,"column":null}}}},"branchMap":{},"s":{"0":7,"1":7,"2":7,"3":7,"4":7},"f":{"0":7},"b":{}}
,"/home/frederikpyt/projects/fastify-prisma-redis-swagger-jwt-template/src/plugins/cors.ts": {"path":"/home/frederikpyt/projects/fastify-prisma-redis-swagger-jwt-template/src/plugins/cors.ts","statementMap":{"0":{"start":{"line":6,"column":0},"end":{"line":6,"column":15}},"1":{"start":{"line":3,"column":24},"end":{"line":3,"column":null}},"2":{"start":{"line":4,"column":26},"end":{"line":4,"column":null}},"3":{"start":{"line":6,"column":15},"end":{"line":14,"column":null}},"4":{"start":{"line":8,"column":2},"end":{"line":12,"column":null}}},"fnMap":{"0":{"name":"(anonymous_2)","decl":{"start":{"line":7,"column":1},"end":{"line":7,"column":8}},"loc":{"start":{"line":7,"column":8},"end":{"line":13,"column":null}}}},"branchMap":{},"s":{"0":7,"1":7,"2":7,"3":7,"4":7},"f":{"0":7},"b":{}}
,"/home/frederikpyt/projects/fastify-prisma-redis-swagger-jwt-template/src/plugins/index.ts": {"path":"/home/frederikpyt/projects/fastify-prisma-redis-swagger-jwt-template/src/plugins/index.ts","statementMap":{"0":{"start":{"line":13,"column":0},"end":{"line":13,"column":15}},"1":{"start":{"line":3,"column":26},"end":{"line":3,"column":null}},"2":{"start":{"line":4,"column":19},"end":{"line":4,"column":null}},"3":{"start":{"line":5,"column":21},"end":{"line":5,"column":null}},"4":{"start":{"line":6,"column":19},"end":{"line":6,"column":null}},"5":{"start":{"line":7,"column":18},"end":{"line":7,"column":null}},"6":{"start":{"line":8,"column":20},"end":{"line":8,"column":null}},"7":{"start":{"line":9,"column":19},"end":{"line":9,"column":null}},"8":{"start":{"line":10,"column":17},"end":{"line":10,"column":null}},"9":{"start":{"line":11,"column":16},"end":{"line":11,"column":null}},"10":{"start":{"line":13,"column":15},"end":{"line":27,"column":null}},"11":{"start":{"line":14,"column":1},"end":{"line":14,"column":null}},"12":{"start":{"line":16,"column":1},"end":{"line":24,"column":null}},"13":{"start":{"line":26,"column":1},"end":{"line":26,"column":null}}},"fnMap":{"0":{"name":"(anonymous_2)","decl":{"start":{"line":13,"column":29},"end":{"line":13,"column":36}},"loc":{"start":{"line":13,"column":36},"end":{"line":27,"column":null}}}},"branchMap":{},"s":{"0":7,"1":7,"2":7,"3":7,"4":7,"5":7,"6":7,"7":7,"8":7,"9":7,"10":7,"11":7,"12":7,"13":7},"f":{"0":7},"b":{}}
,"/home/frederikpyt/projects/fastify-prisma-redis-swagger-jwt-template/src/plugins/jwt.ts": {"path":"/home/frederikpyt/projects/fastify-prisma-redis-swagger-jwt-template/src/plugins/jwt.ts","statementMap":{"0":{"start":{"line":54,"column":11},"end":{"line":54,"column":14}},"1":{"start":{"line":56,"column":0},"end":{"line":56,"column":15}},"2":{"start":{"line":2,"column":26},"end":{"line":2,"column":null}},"3":{"start":{"line":3,"column":32},"end":{"line":3,"column":null}},"4":{"start":{"line":56,"column":15},"end":{"line":102,"column":null}},"5":{"start":{"line":58,"column":2},"end":{"line":68,"column":null}},"6":{"start":{"line":70,"column":2},"end":{"line":70,"column":null}},"7":{"start":{"line":72,"column":2},"end":{"line":74,"column":null}},"8":{"start":{"line":73,"column":3},"end":{"line":73,"column":null}},"9":{"start":{"line":76,"column":2},"end":{"line":82,"column":null}},"10":{"start":{"line":77,"column":30},"end":{"line":78,"column":null}},"11":{"start":{"line":81,"column":3},"end":{"line":81,"column":null}},"12":{"start":{"line":84,"column":2},"end":{"line":86,"column":null}},"13":{"start":{"line":85,"column":3},"end":{"line":85,"column":null}},"14":{"start":{"line":88,"column":2},"end":{"line":92,"column":null}},"15":{"start":{"line":89,"column":29},"end":{"line":89,"column":null}},"16":{"start":{"line":91,"column":3},"end":{"line":91,"column":null}},"17":{"start":{"line":94,"column":2},"end":{"line":100,"column":null}},"18":{"start":{"line":95,"column":3},"end":{"line":99,"column":null}},"19":{"start":{"line":96,"column":4},"end":{"line":96,"column":null}},"20":{"start":{"line":98,"column":4},"end":{"line":98,"column":null}}},"fnMap":{"0":{"name":"(anonymous_4)","decl":{"start":{"line":57,"column":1},"end":{"line":57,"column":8}},"loc":{"start":{"line":57,"column":8},"end":{"line":101,"column":null}}},"1":{"name":"(anonymous_5)","decl":{"start":{"line":72,"column":25},"end":{"line":72,"column":26}},"loc":{"start":{"line":72,"column":26},"end":{"line":74,"column":null}}},"2":{"name":"(anonymous_6)","decl":{"start":{"line":76,"column":27},"end":{"line":76,"column":28}},"loc":{"start":{"line":76,"column":28},"end":{"line":82,"column":null}}},"3":{"name":"(anonymous_7)","decl":{"start":{"line":84,"column":24},"end":{"line":84,"column":25}},"loc":{"start":{"line":84,"column":25},"end":{"line":86,"column":null}}},"4":{"name":"(anonymous_8)","decl":{"start":{"line":88,"column":26},"end":{"line":88,"column":27}},"loc":{"start":{"line":88,"column":27},"end":{"line":92,"column":null}}},"5":{"name":"(anonymous_9)","decl":{"start":{"line":94,"column":35},"end":{"line":94,"column":42}},"loc":{"start":{"line":94,"column":67},"end":{"line":100,"column":null}}}},"branchMap":{},"s":{"0":75,"1":7,"2":7,"3":7,"4":7,"5":7,"6":7,"7":7,"8":12,"9":7,"10":30,"11":30,"12":7,"13":11,"14":7,"15":10,"16":10,"17":7,"18":6,"19":6,"20":2},"f":{"0":7,"1":12,"2":30,"3":11,"4":10,"5":6},"b":{}}
,"/home/frederikpyt/projects/fastify-prisma-redis-swagger-jwt-template/src/plugins/redis.ts": {"path":"/home/frederikpyt/projects/fastify-prisma-redis-swagger-jwt-template/src/plugins/redis.ts","statementMap":{"0":{"start":{"line":23,"column":11},"end":{"line":23,"column":16}},"1":{"start":{"line":25,"column":0},"end":{"line":25,"column":15}},"2":{"start":{"line":2,"column":26},"end":{"line":2,"column":null}},"3":{"start":{"line":3,"column":18},"end":{"line":3,"column":null}},"4":{"start":{"line":4,"column":19},"end":{"line":4,"column":null}},"5":{"start":{"line":25,"column":15},"end":{"line":87,"column":null}},"6":{"start":{"line":27,"column":2},"end":{"line":37,"column":null}},"7":{"start":{"line":40,"column":2},"end":{"line":45,"column":null}},"8":{"start":{"line":48,"column":2},"end":{"line":60,"column":null}},"9":{"start":{"line":49,"column":15},"end":{"line":49,"column":null}},"10":{"start":{"line":51,"column":3},"end":{"line":53,"column":null}},"11":{"start":{"line":52,"column":4},"end":{"line":52,"column":null}},"12":{"start":{"line":55,"column":3},"end":{"line":55,"column":null}},"13":{"start":{"line":57,"column":3},"end":{"line":57,"column":null}},"14":{"start":{"line":59,"column":3},"end":{"line":59,"column":null}},"15":{"start":{"line":62,"column":2},"end":{"line":68,"column":null}},"16":{"start":{"line":63,"column":3},"end":{"line":66,"column":null}},"17":{"start":{"line":65,"column":5},"end":{"line":65,"column":null}},"18":{"start":{"line":70,"column":2},"end":{"line":76,"column":null}},"19":{"start":{"line":71,"column":3},"end":{"line":74,"column":null}},"20":{"start":{"line":73,"column":5},"end":{"line":73,"column":null}},"21":{"start":{"line":78,"column":2},"end":{"line":78,"column":null}},"22":{"start":{"line":79,"column":2},"end":{"line":81,"column":null}},"23":{"start":{"line":83,"column":2},"end":{"line":85,"column":null}},"24":{"start":{"line":84,"column":3},"end":{"line":84,"column":null}}},"fnMap":{"0":{"name":"(anonymous_4)","decl":{"start":{"line":26,"column":1},"end":{"line":26,"column":8}},"loc":{"start":{"line":26,"column":8},"end":{"line":86,"column":null}}},"1":{"name":"(anonymous_5)","decl":{"start":{"line":48,"column":19},"end":{"line":48,"column":26}},"loc":{"start":{"line":48,"column":36},"end":{"line":60,"column":null}}},"2":{"name":"(anonymous_6)","decl":{"start":{"line":62,"column":23},"end":{"line":62,"column":30}},"loc":{"start":{"line":62,"column":40},"end":{"line":68,"column":null}}},"3":{"name":"(anonymous_7)","decl":{"start":{"line":64,"column":35},"end":{"line":64,"column":null}},"loc":{"start":{"line":64,"column":35},"end":{"line":66,"column":null}}},"4":{"name":"(anonymous_8)","decl":{"start":{"line":70,"column":27},"end":{"line":70,"column":34}},"loc":{"start":{"line":70,"column":37},"end":{"line":76,"column":null}}},"5":{"name":"(anonymous_9)","decl":{"start":{"line":72,"column":13},"end":{"line":72,"column":20}},"loc":{"start":{"line":72,"column":20},"end":{"line":74,"column":null}}},"6":{"name":"(anonymous_10)","decl":{"start":{"line":83,"column":29},"end":{"line":83,"column":null}},"loc":{"start":{"line":83,"column":29},"end":{"line":85,"column":null}}}},"branchMap":{"0":{"loc":{"start":{"line":51,"column":3},"end":{"line":53,"column":null}},"type":"if","locations":[{"start":{"line":51,"column":3},"end":{"line":53,"column":null}}]}},"s":{"0":17,"1":7,"2":7,"3":7,"4":7,"5":7,"6":7,"7":7,"8":7,"9":10,"10":10,"11":3,"12":7,"13":6,"14":6,"15":7,"16":7,"17":5,"18":7,"19":1,"20":2,"21":7,"22":7,"23":7,"24":7},"f":{"0":7,"1":10,"2":7,"3":5,"4":1,"5":2,"6":7},"b":{"0":[3]}}
,"/home/frederikpyt/projects/fastify-prisma-redis-swagger-jwt-template/src/plugins/sensible.ts": {"path":"/home/frederikpyt/projects/fastify-prisma-redis-swagger-jwt-template/src/plugins/sensible.ts","statementMap":{"0":{"start":{"line":10,"column":0},"end":{"line":10,"column":15}},"1":{"start":{"line":1,"column":26},"end":{"line":1,"column":null}},"2":{"start":{"line":2,"column":28},"end":{"line":2,"column":null}},"3":{"start":{"line":10,"column":15},"end":{"line":12,"column":null}},"4":{"start":{"line":11,"column":1},"end":{"line":11,"column":null}}},"fnMap":{"0":{"name":"(anonymous_2)","decl":{"start":{"line":10,"column":29},"end":{"line":10,"column":36}},"loc":{"start":{"line":10,"column":36},"end":{"line":12,"column":null}}}},"branchMap":{},"s":{"0":7,"1":7,"2":7,"3":7,"4":7},"f":{"0":7},"b":{}}
,"/home/frederikpyt/projects/fastify-prisma-redis-swagger-jwt-template/src/utils/time.ts": {"path":"/home/frederikpyt/projects/fastify-prisma-redis-swagger-jwt-template/src/utils/time.ts","statementMap":{"0":{"start":{"line":1,"column":21},"end":{"line":1,"column":null}},"1":{"start":{"line":3,"column":2},"end":{"line":3,"column":null}}},"fnMap":{"0":{"name":"(anonymous_1)","decl":{"start":{"line":2,"column":1},"end":{"line":2,"column":15}},"loc":{"start":{"line":2,"column":45},"end":{"line":4,"column":null}}}},"branchMap":{},"s":{"0":39,"1":39},"f":{"0":39},"b":{}}
}
